2025-09-05 09:43:25,219 - INFO - Starting model retraining...
2025-09-05 09:43:25,219 - INFO - Performing full retraining...
2025-09-05 09:43:26,029 - INFO - Model retraining completed successfully!
2025-09-05 09:43:26,030 - INFO - New performance - RMSE: 3.2692, F1: 0.2105
2025-09-05 09:43:26,049 - INFO - Model age: 0 days
2025-09-05 09:43:26,050 - INFO - Model is 0 days old. No retraining needed.
2025-09-05 09:43:26,067 - INFO - Insufficient performance history for drift detection.
2025-09-05 09:43:26,631 - INFO - Model age: 0 days
2025-09-05 09:43:26,631 - INFO - Model is 0 days old. No retraining needed.
2025-09-05 09:43:26,632 - INFO - Insufficient performance history for drift detection.
2025-09-05 12:38:59,679 - INFO - Starting model retraining...
2025-09-05 12:38:59,680 - INFO - Performing full retraining...
2025-09-05 12:39:00,434 - INFO - Model retraining completed successfully!
2025-09-05 12:39:00,434 - INFO - New performance - RMSE: 1.0000, F1: 0.2105
2025-09-05 12:39:00,458 - INFO - Model age: 0 days
2025-09-05 12:39:00,458 - INFO - Model is 0 days old. No retraining needed.
2025-09-05 12:39:00,473 - INFO - RMSE change: -0.6941, F1 change: 0.0000
2025-09-05 12:39:00,473 - INFO - No significant model drift detected.
2025-09-05 12:39:00,896 - INFO - Model age: 0 days
2025-09-05 12:39:00,896 - INFO - Model is 0 days old. No retraining needed.
2025-09-05 12:39:00,897 - INFO - RMSE change: -0.6941, F1 change: 0.0000
2025-09-05 12:39:00,897 - INFO - No significant model drift detected.
2025-09-05 12:43:21,764 - INFO - Starting model retraining...
2025-09-05 12:43:21,766 - INFO - Performing full retraining...
2025-09-05 12:43:22,628 - INFO - Model retraining completed successfully!
2025-09-05 12:43:22,628 - INFO - New performance - RMSE: 2.4189, F1: 0.2105
2025-09-05 12:43:22,657 - INFO - Model age: 0 days
2025-09-05 12:43:22,658 - INFO - Model is 0 days old. No retraining needed.
2025-09-05 12:43:22,688 - INFO - RMSE change: 1.4189, F1 change: 0.0000
2025-09-05 12:43:22,688 - INFO - Model drift detected. RMSE change: 1.4189, F1 change: 0.0000
2025-09-05 12:43:23,342 - INFO - Model age: 0 days
2025-09-05 12:43:23,342 - INFO - Model is 0 days old. No retraining needed.
2025-09-05 12:43:23,342 - INFO - RMSE change: 1.4189, F1 change: 0.0000
2025-09-05 12:43:23,343 - INFO - Model drift detected. RMSE change: 1.4189, F1 change: 0.0000
2025-09-05 12:44:07,735 - INFO - Starting model retraining...
2025-09-05 12:44:07,735 - INFO - Performing full retraining...
2025-09-05 12:44:08,612 - INFO - Model retraining completed successfully!
2025-09-05 12:44:08,612 - INFO - New performance - RMSE: 2.4189, F1: 0.2105
2025-09-05 12:44:08,628 - INFO - Model age: 0 days
2025-09-05 12:44:08,628 - INFO - Model is 0 days old. No retraining needed.
2025-09-05 12:44:08,645 - INFO - RMSE change: 0.0000, F1 change: 0.0000
2025-09-05 12:44:08,645 - INFO - No significant model drift detected.
2025-09-05 12:44:09,292 - INFO - Model age: 0 days
2025-09-05 12:44:09,292 - INFO - Model is 0 days old. No retraining needed.
2025-09-05 12:44:09,293 - INFO - RMSE change: 0.0000, F1 change: 0.0000
2025-09-05 12:44:09,294 - INFO - No significant model drift detected.
2025-09-05 12:46:07,964 - INFO - Starting model retraining...
2025-09-05 12:46:07,964 - INFO - Performing full retraining...
2025-09-05 12:46:09,102 - INFO - Model retraining completed successfully!
2025-09-05 12:46:09,103 - INFO - New performance - RMSE: 2.4189, F1: 0.2105
2025-09-05 12:46:09,123 - INFO - Model age: 0 days
2025-09-05 12:46:09,124 - INFO - Model is 0 days old. No retraining needed.
2025-09-05 12:46:09,142 - INFO - RMSE change: 0.0000, F1 change: 0.0000
2025-09-05 12:46:09,143 - INFO - No significant model drift detected.
2025-09-05 12:46:09,809 - INFO - Model age: 0 days
2025-09-05 12:46:09,809 - INFO - Model is 0 days old. No retraining needed.
2025-09-05 12:46:09,810 - INFO - RMSE change: 0.0000, F1 change: 0.0000
2025-09-05 12:46:09,810 - INFO - No significant model drift detected.
2025-09-05 12:47:08,061 - INFO - Starting model retraining...
2025-09-05 12:47:08,062 - INFO - Performing full retraining...
2025-09-05 12:47:08,963 - INFO - Model retraining completed successfully!
2025-09-05 12:47:08,964 - INFO - New performance - RMSE: 2.4189, F1: 0.2105
2025-09-05 12:47:08,980 - INFO - Model age: 0 days
2025-09-05 12:47:08,981 - INFO - Model is 0 days old. No retraining needed.
2025-09-05 12:47:09,008 - INFO - RMSE change: 0.0000, F1 change: 0.0000
2025-09-05 12:47:09,008 - INFO - No significant model drift detected.
2025-09-05 12:47:09,690 - INFO - Model age: 0 days
2025-09-05 12:47:09,691 - INFO - Model is 0 days old. No retraining needed.
2025-09-05 12:47:09,691 - INFO - RMSE change: 0.0000, F1 change: 0.0000
2025-09-05 12:47:09,692 - INFO - No significant model drift detected.
2025-09-05 22:54:47,047 - INFO - Starting model retraining...
2025-09-05 22:54:47,047 - INFO - Performing full retraining...
2025-09-05 22:54:47,248 - ERROR - Error evaluating current performance: 'dict' object has no attribute 'fit'
2025-09-05 22:54:47,249 - ERROR - Failed to evaluate new model performance.
